{"/Users/jack/Development/IAT/sequelize-audit/src/index.js": {"path":"/Users/jack/Development/IAT/sequelize-audit/src/index.js","statementMap":{"0":{"start":{"line":4,"column":20},"end":{"line":4,"column":44}},"1":{"start":{"line":5,"column":26},"end":{"line":7,"column":1}},"2":{"start":{"line":6,"column":2},"end":{"line":6,"column":38}},"3":{"start":{"line":9,"column":28},"end":{"line":9,"column":45}},"4":{"start":{"line":9,"column":34},"end":{"line":9,"column":45}},"5":{"start":{"line":13,"column":27},"end":{"line":17,"column":5}},"6":{"start":{"line":19,"column":20},"end":{"line":19,"column":59}},"7":{"start":{"line":20,"column":4},"end":{"line":20,"column":80}},"8":{"start":{"line":20,"column":35},"end":{"line":20,"column":80}},"9":{"start":{"line":22,"column":4},"end":{"line":22,"column":45}},"10":{"start":{"line":23,"column":4},"end":{"line":27,"column":7}},"11":{"start":{"line":29,"column":4},"end":{"line":29,"column":39}},"12":{"start":{"line":30,"column":4},"end":{"line":30,"column":55}},"13":{"start":{"line":31,"column":4},"end":{"line":31,"column":63}},"14":{"start":{"line":40,"column":4},"end":{"line":43,"column":6}},"15":{"start":{"line":46,"column":17},"end":{"line":46,"column":43}},"16":{"start":{"line":48,"column":4},"end":{"line":58,"column":6}},"17":{"start":{"line":61,"column":4},"end":{"line":71,"column":6}},"18":{"start":{"line":63,"column":8},"end":{"line":63,"column":65}},"19":{"start":{"line":66,"column":8},"end":{"line":66,"column":65}},"20":{"start":{"line":69,"column":8},"end":{"line":69,"column":65}}},"fnMap":{"0":{"name":"(anonymous_0)","decl":{"start":{"line":5,"column":26},"end":{"line":5,"column":27}},"loc":{"start":{"line":5,"column":37},"end":{"line":7,"column":1}},"line":5},"1":{"name":"(anonymous_1)","decl":{"start":{"line":9,"column":28},"end":{"line":9,"column":29}},"loc":{"start":{"line":9,"column":34},"end":{"line":9,"column":45}},"line":9},"2":{"name":"(anonymous_2)","decl":{"start":{"line":12,"column":2},"end":{"line":12,"column":3}},"loc":{"start":{"line":12,"column":20},"end":{"line":32,"column":3}},"line":12},"3":{"name":"(anonymous_3)","decl":{"start":{"line":33,"column":2},"end":{"line":33,"column":3}},"loc":{"start":{"line":33,"column":43},"end":{"line":44,"column":3}},"line":33},"4":{"name":"(anonymous_4)","decl":{"start":{"line":45,"column":2},"end":{"line":45,"column":3}},"loc":{"start":{"line":45,"column":55},"end":{"line":59,"column":3}},"line":45},"5":{"name":"(anonymous_5)","decl":{"start":{"line":60,"column":2},"end":{"line":60,"column":3}},"loc":{"start":{"line":60,"column":29},"end":{"line":72,"column":3}},"line":60},"6":{"name":"(anonymous_6)","decl":{"start":{"line":62,"column":19},"end":{"line":62,"column":20}},"loc":{"start":{"line":62,"column":39},"end":{"line":64,"column":7}},"line":62},"7":{"name":"(anonymous_7)","decl":{"start":{"line":65,"column":19},"end":{"line":65,"column":20}},"loc":{"start":{"line":65,"column":39},"end":{"line":67,"column":7}},"line":65},"8":{"name":"(anonymous_8)","decl":{"start":{"line":68,"column":19},"end":{"line":68,"column":20}},"loc":{"start":{"line":68,"column":39},"end":{"line":70,"column":7}},"line":68}},"branchMap":{"0":{"loc":{"start":{"line":20,"column":4},"end":{"line":20,"column":80}},"type":"if","locations":[{"start":{"line":20,"column":4},"end":{"line":20,"column":80}},{"start":{"line":20,"column":4},"end":{"line":20,"column":80}}],"line":20},"1":{"loc":{"start":{"line":57,"column":14},"end":{"line":57,"column":35}},"type":"cond-expr","locations":[{"start":{"line":57,"column":21},"end":{"line":57,"column":28}},{"start":{"line":57,"column":31},"end":{"line":57,"column":35}}],"line":57}},"s":{"0":1,"1":1,"2":1,"3":1,"4":1,"5":6,"6":6,"7":6,"8":1,"9":5,"10":5,"11":5,"12":5,"13":5,"14":4,"15":4,"16":4,"17":4,"18":2,"19":1,"20":1},"f":{"0":1,"1":1,"2":6,"3":4,"4":4,"5":4,"6":2,"7":1,"8":1},"b":{"0":[1,5],"1":[1,3]},"_coverageSchema":"332fd63041d2c1bcb487cc26dd0d5f7d97098a6c","hash":"c3bb5cdeccf6e6661b0c2851ae0cadc4991f887f"}
}
