TN:
SF:/Users/jack/Development/IAT/sequelize-audit/src/index.js
FN:5,(anonymous_0)
FN:9,(anonymous_1)
FN:12,(anonymous_2)
FN:33,(anonymous_3)
FN:45,(anonymous_4)
FN:60,(anonymous_5)
FN:62,(anonymous_6)
FN:65,(anonymous_7)
FN:68,(anonymous_8)
FNF:9
FNH:9
FNDA:1,(anonymous_0)
FNDA:1,(anonymous_1)
FNDA:6,(anonymous_2)
FNDA:4,(anonymous_3)
FNDA:4,(anonymous_4)
FNDA:4,(anonymous_5)
FNDA:2,(anonymous_6)
FNDA:1,(anonymous_7)
FNDA:1,(anonymous_8)
DA:4,1
DA:5,1
DA:6,1
DA:9,1
DA:13,6
DA:19,6
DA:20,6
DA:22,5
DA:23,5
DA:29,5
DA:30,5
DA:31,5
DA:40,4
DA:46,4
DA:48,4
DA:61,4
DA:63,2
DA:66,1
DA:69,1
LF:19
LH:19
BRDA:20,0,0,1
BRDA:20,0,1,5
BRDA:57,1,0,1
BRDA:57,1,1,3
BRF:4
BRH:4
end_of_record
